<?xml version="1.0" encoding="UTF-8"?>
<testsuite xmlns:xsi="http://www.w3.org/2001/XMLSchema-instance" xsi:noNamespaceSchemaLocation="https://maven.apache.org/surefire/maven-surefire-plugin/xsd/surefire-test-report.xsd" version="3.0.2" name="pe.edu.vallegrande.beneficiary.BeneficiaryApplicationTests" time="3.401" tests="1" errors="0" skipped="0" failures="0">
  <properties>
    <property name="java.specification.version" value="17"/>
    <property name="sun.cpu.isalist" value="amd64"/>
    <property name="sun.jnu.encoding" value="Cp1252"/>
    <property name="java.class.path" value="D:\github\beneficiary\target\test-classes;D:\github\beneficiary\target\classes;C:\Users\erick\.m2\repository\org\springframework\boot\spring-boot-starter-actuator\3.5.0-SNAPSHOT\spring-boot-starter-actuator-3.5.0-SNAPSHOT.jar;C:\Users\erick\.m2\repository\org\springframework\boot\spring-boot-starter\3.5.0-SNAPSHOT\spring-boot-starter-3.5.0-SNAPSHOT.jar;C:\Users\erick\.m2\repository\org\springframework\boot\spring-boot\3.5.0-SNAPSHOT\spring-boot-3.5.0-SNAPSHOT.jar;C:\Users\erick\.m2\repository\org\springframework\boot\spring-boot-autoconfigure\3.5.0-SNAPSHOT\spring-boot-autoconfigure-3.5.0-SNAPSHOT.jar;C:\Users\erick\.m2\repository\org\springframework\boot\spring-boot-starter-logging\3.5.0-SNAPSHOT\spring-boot-starter-logging-3.5.0-SNAPSHOT.jar;C:\Users\erick\.m2\repository\ch\qos\logback\logback-classic\1.5.18\logback-classic-1.5.18.jar;C:\Users\erick\.m2\repository\ch\qos\logback\logback-core\1.5.18\logback-core-1.5.18.jar;C:\Users\erick\.m2\repository\org\apache\logging\log4j\log4j-to-slf4j\2.24.3\log4j-to-slf4j-2.24.3.jar;C:\Users\erick\.m2\repository\org\apache\logging\log4j\log4j-api\2.24.3\log4j-api-2.24.3.jar;C:\Users\erick\.m2\repository\org\slf4j\jul-to-slf4j\2.0.17\jul-to-slf4j-2.0.17.jar;C:\Users\erick\.m2\repository\jakarta\annotation\jakarta.annotation-api\2.1.1\jakarta.annotation-api-2.1.1.jar;C:\Users\erick\.m2\repository\org\yaml\snakeyaml\2.4\snakeyaml-2.4.jar;C:\Users\erick\.m2\repository\org\springframework\boot\spring-boot-actuator-autoconfigure\3.5.0-SNAPSHOT\spring-boot-actuator-autoconfigure-3.5.0-SNAPSHOT.jar;C:\Users\erick\.m2\repository\org\springframework\boot\spring-boot-actuator\3.5.0-SNAPSHOT\spring-boot-actuator-3.5.0-SNAPSHOT.jar;C:\Users\erick\.m2\repository\com\fasterxml\jackson\core\jackson-databind\2.18.3\jackson-databind-2.18.3.jar;C:\Users\erick\.m2\repository\com\fasterxml\jackson\core\jackson-annotations\2.18.3\jackson-annotations-2.18.3.jar;C:\Users\erick\.m2\repository\com\fasterxml\jackson\core\jackson-core\2.18.3\jackson-core-2.18.3.jar;C:\Users\erick\.m2\repository\com\fasterxml\jackson\datatype\jackson-datatype-jsr310\2.18.3\jackson-datatype-jsr310-2.18.3.jar;C:\Users\erick\.m2\repository\io\micrometer\micrometer-observation\1.15.0-RC1\micrometer-observation-1.15.0-RC1.jar;C:\Users\erick\.m2\repository\io\micrometer\micrometer-commons\1.15.0-RC1\micrometer-commons-1.15.0-RC1.jar;C:\Users\erick\.m2\repository\io\micrometer\micrometer-jakarta9\1.15.0-RC1\micrometer-jakarta9-1.15.0-RC1.jar;C:\Users\erick\.m2\repository\io\micrometer\micrometer-core\1.15.0-RC1\micrometer-core-1.15.0-RC1.jar;C:\Users\erick\.m2\repository\org\hdrhistogram\HdrHistogram\2.2.2\HdrHistogram-2.2.2.jar;C:\Users\erick\.m2\repository\org\latencyutils\LatencyUtils\2.0.3\LatencyUtils-2.0.3.jar;C:\Users\erick\.m2\repository\org\springframework\boot\spring-boot-starter-data-r2dbc\3.5.0-SNAPSHOT\spring-boot-starter-data-r2dbc-3.5.0-SNAPSHOT.jar;C:\Users\erick\.m2\repository\org\springframework\data\spring-data-r2dbc\3.5.0-RC1\spring-data-r2dbc-3.5.0-RC1.jar;C:\Users\erick\.m2\repository\org\springframework\data\spring-data-relational\3.5.0-RC1\spring-data-relational-3.5.0-RC1.jar;C:\Users\erick\.m2\repository\org\springframework\data\spring-data-commons\3.5.0-RC1\spring-data-commons-3.5.0-RC1.jar;C:\Users\erick\.m2\repository\org\springframework\spring-tx\6.2.6\spring-tx-6.2.6.jar;C:\Users\erick\.m2\repository\org\springframework\spring-context\6.2.6\spring-context-6.2.6.jar;C:\Users\erick\.m2\repository\org\springframework\spring-aop\6.2.6\spring-aop-6.2.6.jar;C:\Users\erick\.m2\repository\org\springframework\spring-expression\6.2.6\spring-expression-6.2.6.jar;C:\Users\erick\.m2\repository\org\springframework\spring-beans\6.2.6\spring-beans-6.2.6.jar;C:\Users\erick\.m2\repository\org\springframework\spring-jdbc\6.2.6\spring-jdbc-6.2.6.jar;C:\Users\erick\.m2\repository\org\springframework\spring-r2dbc\6.2.6\spring-r2dbc-6.2.6.jar;C:\Users\erick\.m2\repository\org\slf4j\slf4j-api\2.0.17\slf4j-api-2.0.17.jar;C:\Users\erick\.m2\repository\io\r2dbc\r2dbc-spi\1.0.0.RELEASE\r2dbc-spi-1.0.0.RELEASE.jar;C:\Users\erick\.m2\repository\org\reactivestreams\reactive-streams\1.0.4\reactive-streams-1.0.4.jar;C:\Users\erick\.m2\repository\io\r2dbc\r2dbc-pool\1.0.2.RELEASE\r2dbc-pool-1.0.2.RELEASE.jar;C:\Users\erick\.m2\repository\io\projectreactor\addons\reactor-pool\1.1.2\reactor-pool-1.1.2.jar;C:\Users\erick\.m2\repository\org\springframework\boot\spring-boot-starter-webflux\3.5.0-SNAPSHOT\spring-boot-starter-webflux-3.5.0-SNAPSHOT.jar;C:\Users\erick\.m2\repository\org\springframework\boot\spring-boot-starter-json\3.5.0-SNAPSHOT\spring-boot-starter-json-3.5.0-SNAPSHOT.jar;C:\Users\erick\.m2\repository\com\fasterxml\jackson\datatype\jackson-datatype-jdk8\2.18.3\jackson-datatype-jdk8-2.18.3.jar;C:\Users\erick\.m2\repository\com\fasterxml\jackson\module\jackson-module-parameter-names\2.18.3\jackson-module-parameter-names-2.18.3.jar;C:\Users\erick\.m2\repository\org\springframework\boot\spring-boot-starter-reactor-netty\3.5.0-SNAPSHOT\spring-boot-starter-reactor-netty-3.5.0-SNAPSHOT.jar;C:\Users\erick\.m2\repository\io\projectreactor\netty\reactor-netty-http\1.2.5\reactor-netty-http-1.2.5.jar;C:\Users\erick\.m2\repository\io\netty\netty-codec-http\4.1.119.Final\netty-codec-http-4.1.119.Final.jar;C:\Users\erick\.m2\repository\io\netty\netty-codec-http2\4.1.119.Final\netty-codec-http2-4.1.119.Final.jar;C:\Users\erick\.m2\repository\org\springframework\spring-web\6.2.6\spring-web-6.2.6.jar;C:\Users\erick\.m2\repository\org\springframework\spring-webflux\6.2.6\spring-webflux-6.2.6.jar;C:\Users\erick\.m2\repository\org\postgresql\postgresql\42.7.5\postgresql-42.7.5.jar;C:\Users\erick\.m2\repository\org\checkerframework\checker-qual\3.48.3\checker-qual-3.48.3.jar;C:\Users\erick\.m2\repository\org\postgresql\r2dbc-postgresql\1.0.7.RELEASE\r2dbc-postgresql-1.0.7.RELEASE.jar;C:\Users\erick\.m2\repository\com\ongres\scram\client\2.1\client-2.1.jar;C:\Users\erick\.m2\repository\com\ongres\scram\common\2.1\common-2.1.jar;C:\Users\erick\.m2\repository\com\ongres\stringprep\saslprep\1.1\saslprep-1.1.jar;C:\Users\erick\.m2\repository\com\ongres\stringprep\stringprep\1.1\stringprep-1.1.jar;C:\Users\erick\.m2\repository\io\projectreactor\reactor-core\3.7.5\reactor-core-3.7.5.jar;C:\Users\erick\.m2\repository\io\projectreactor\netty\reactor-netty-core\1.2.5\reactor-netty-core-1.2.5.jar;C:\Users\erick\.m2\repository\io\netty\netty-handler\4.1.119.Final\netty-handler-4.1.119.Final.jar;C:\Users\erick\.m2\repository\io\netty\netty-common\4.1.119.Final\netty-common-4.1.119.Final.jar;C:\Users\erick\.m2\repository\io\netty\netty-resolver\4.1.119.Final\netty-resolver-4.1.119.Final.jar;C:\Users\erick\.m2\repository\io\netty\netty-buffer\4.1.119.Final\netty-buffer-4.1.119.Final.jar;C:\Users\erick\.m2\repository\io\netty\netty-transport\4.1.119.Final\netty-transport-4.1.119.Final.jar;C:\Users\erick\.m2\repository\io\netty\netty-transport-native-unix-common\4.1.119.Final\netty-transport-native-unix-common-4.1.119.Final.jar;C:\Users\erick\.m2\repository\io\netty\netty-codec\4.1.119.Final\netty-codec-4.1.119.Final.jar;C:\Users\erick\.m2\repository\io\netty\netty-handler-proxy\4.1.119.Final\netty-handler-proxy-4.1.119.Final.jar;C:\Users\erick\.m2\repository\io\netty\netty-codec-socks\4.1.119.Final\netty-codec-socks-4.1.119.Final.jar;C:\Users\erick\.m2\repository\io\netty\netty-resolver-dns\4.1.119.Final\netty-resolver-dns-4.1.119.Final.jar;C:\Users\erick\.m2\repository\io\netty\netty-codec-dns\4.1.119.Final\netty-codec-dns-4.1.119.Final.jar;C:\Users\erick\.m2\repository\io\netty\netty-resolver-dns-native-macos\4.1.119.Final\netty-resolver-dns-native-macos-4.1.119.Final-osx-x86_64.jar;C:\Users\erick\.m2\repository\io\netty\netty-resolver-dns-classes-macos\4.1.119.Final\netty-resolver-dns-classes-macos-4.1.119.Final.jar;C:\Users\erick\.m2\repository\io\netty\netty-transport-native-epoll\4.1.119.Final\netty-transport-native-epoll-4.1.119.Final-linux-x86_64.jar;C:\Users\erick\.m2\repository\io\netty\netty-transport-classes-epoll\4.1.119.Final\netty-transport-classes-epoll-4.1.119.Final.jar;C:\Users\erick\.m2\repository\org\projectlombok\lombok\1.18.24\lombok-1.18.24.jar;C:\Users\erick\.m2\repository\org\springframework\boot\spring-boot-starter-test\3.5.0-SNAPSHOT\spring-boot-starter-test-3.5.0-SNAPSHOT.jar;C:\Users\erick\.m2\repository\org\springframework\boot\spring-boot-test\3.5.0-SNAPSHOT\spring-boot-test-3.5.0-SNAPSHOT.jar;C:\Users\erick\.m2\repository\org\springframework\boot\spring-boot-test-autoconfigure\3.5.0-SNAPSHOT\spring-boot-test-autoconfigure-3.5.0-SNAPSHOT.jar;C:\Users\erick\.m2\repository\com\jayway\jsonpath\json-path\2.9.0\json-path-2.9.0.jar;C:\Users\erick\.m2\repository\jakarta\xml\bind\jakarta.xml.bind-api\4.0.2\jakarta.xml.bind-api-4.0.2.jar;C:\Users\erick\.m2\repository\jakarta\activation\jakarta.activation-api\2.1.3\jakarta.activation-api-2.1.3.jar;C:\Users\erick\.m2\repository\net\minidev\json-smart\2.5.2\json-smart-2.5.2.jar;C:\Users\erick\.m2\repository\net\minidev\accessors-smart\2.5.2\accessors-smart-2.5.2.jar;C:\Users\erick\.m2\repository\org\ow2\asm\asm\9.7.1\asm-9.7.1.jar;C:\Users\erick\.m2\repository\org\assertj\assertj-core\3.27.3\assertj-core-3.27.3.jar;C:\Users\erick\.m2\repository\net\bytebuddy\byte-buddy\1.17.5\byte-buddy-1.17.5.jar;C:\Users\erick\.m2\repository\org\awaitility\awaitility\4.3.0\awaitility-4.3.0.jar;C:\Users\erick\.m2\repository\org\hamcrest\hamcrest\3.0\hamcrest-3.0.jar;C:\Users\erick\.m2\repository\org\junit\jupiter\junit-jupiter\5.12.2\junit-jupiter-5.12.2.jar;C:\Users\erick\.m2\repository\org\junit\jupiter\junit-jupiter-api\5.12.2\junit-jupiter-api-5.12.2.jar;C:\Users\erick\.m2\repository\org\opentest4j\opentest4j\1.3.0\opentest4j-1.3.0.jar;C:\Users\erick\.m2\repository\org\junit\platform\junit-platform-commons\1.12.2\junit-platform-commons-1.12.2.jar;C:\Users\erick\.m2\repository\org\apiguardian\apiguardian-api\1.1.2\apiguardian-api-1.1.2.jar;C:\Users\erick\.m2\repository\org\junit\jupiter\junit-jupiter-params\5.12.2\junit-jupiter-params-5.12.2.jar;C:\Users\erick\.m2\repository\org\junit\jupiter\junit-jupiter-engine\5.12.2\junit-jupiter-engine-5.12.2.jar;C:\Users\erick\.m2\repository\org\junit\platform\junit-platform-engine\1.12.2\junit-platform-engine-1.12.2.jar;C:\Users\erick\.m2\repository\org\mockito\mockito-core\5.17.0\mockito-core-5.17.0.jar;C:\Users\erick\.m2\repository\net\bytebuddy\byte-buddy-agent\1.17.5\byte-buddy-agent-1.17.5.jar;C:\Users\erick\.m2\repository\org\objenesis\objenesis\3.3\objenesis-3.3.jar;C:\Users\erick\.m2\repository\org\mockito\mockito-junit-jupiter\5.17.0\mockito-junit-jupiter-5.17.0.jar;C:\Users\erick\.m2\repository\org\skyscreamer\jsonassert\1.5.3\jsonassert-1.5.3.jar;C:\Users\erick\.m2\repository\com\vaadin\external\google\android-json\0.0.20131108.vaadin1\android-json-0.0.20131108.vaadin1.jar;C:\Users\erick\.m2\repository\org\springframework\spring-core\6.2.6\spring-core-6.2.6.jar;C:\Users\erick\.m2\repository\org\springframework\spring-jcl\6.2.6\spring-jcl-6.2.6.jar;C:\Users\erick\.m2\repository\org\springframework\spring-test\6.2.6\spring-test-6.2.6.jar;C:\Users\erick\.m2\repository\org\xmlunit\xmlunit-core\2.10.0\xmlunit-core-2.10.0.jar;C:\Users\erick\.m2\repository\io\projectreactor\reactor-test\3.7.5\reactor-test-3.7.5.jar;C:\Users\erick\.m2\repository\com\h2database\h2\2.3.232\h2-2.3.232.jar;"/>
    <property name="java.vm.vendor" value="Oracle Corporation"/>
    <property name="sun.arch.data.model" value="64"/>
    <property name="user.variant" value=""/>
    <property name="java.vendor.url" value="https://java.oracle.com/"/>
    <property name="user.timezone" value="America/Lima"/>
    <property name="os.name" value="Windows 10"/>
    <property name="java.vm.specification.version" value="17"/>
    <property name="sun.java.launcher" value="SUN_STANDARD"/>
    <property name="user.country" value="PE"/>
    <property name="sun.boot.library.path" value="C:\Program Files\Java\jdk-17\bin"/>
    <property name="sun.java.command" value="C:\Users\erick\AppData\Local\Temp\surefire17119672079812660231\surefirebooter-20250427232606253_3.jar C:\Users\erick\AppData\Local\Temp\surefire17119672079812660231 2025-04-27T23-26-06_138-jvmRun1 surefire-20250427232606253_1tmp surefire_0-20250427232606253_2tmp"/>
    <property name="jdk.debug" value="release"/>
    <property name="surefire.test.class.path" value="D:\github\beneficiary\target\test-classes;D:\github\beneficiary\target\classes;C:\Users\erick\.m2\repository\org\springframework\boot\spring-boot-starter-actuator\3.5.0-SNAPSHOT\spring-boot-starter-actuator-3.5.0-SNAPSHOT.jar;C:\Users\erick\.m2\repository\org\springframework\boot\spring-boot-starter\3.5.0-SNAPSHOT\spring-boot-starter-3.5.0-SNAPSHOT.jar;C:\Users\erick\.m2\repository\org\springframework\boot\spring-boot\3.5.0-SNAPSHOT\spring-boot-3.5.0-SNAPSHOT.jar;C:\Users\erick\.m2\repository\org\springframework\boot\spring-boot-autoconfigure\3.5.0-SNAPSHOT\spring-boot-autoconfigure-3.5.0-SNAPSHOT.jar;C:\Users\erick\.m2\repository\org\springframework\boot\spring-boot-starter-logging\3.5.0-SNAPSHOT\spring-boot-starter-logging-3.5.0-SNAPSHOT.jar;C:\Users\erick\.m2\repository\ch\qos\logback\logback-classic\1.5.18\logback-classic-1.5.18.jar;C:\Users\erick\.m2\repository\ch\qos\logback\logback-core\1.5.18\logback-core-1.5.18.jar;C:\Users\erick\.m2\repository\org\apache\logging\log4j\log4j-to-slf4j\2.24.3\log4j-to-slf4j-2.24.3.jar;C:\Users\erick\.m2\repository\org\apache\logging\log4j\log4j-api\2.24.3\log4j-api-2.24.3.jar;C:\Users\erick\.m2\repository\org\slf4j\jul-to-slf4j\2.0.17\jul-to-slf4j-2.0.17.jar;C:\Users\erick\.m2\repository\jakarta\annotation\jakarta.annotation-api\2.1.1\jakarta.annotation-api-2.1.1.jar;C:\Users\erick\.m2\repository\org\yaml\snakeyaml\2.4\snakeyaml-2.4.jar;C:\Users\erick\.m2\repository\org\springframework\boot\spring-boot-actuator-autoconfigure\3.5.0-SNAPSHOT\spring-boot-actuator-autoconfigure-3.5.0-SNAPSHOT.jar;C:\Users\erick\.m2\repository\org\springframework\boot\spring-boot-actuator\3.5.0-SNAPSHOT\spring-boot-actuator-3.5.0-SNAPSHOT.jar;C:\Users\erick\.m2\repository\com\fasterxml\jackson\core\jackson-databind\2.18.3\jackson-databind-2.18.3.jar;C:\Users\erick\.m2\repository\com\fasterxml\jackson\core\jackson-annotations\2.18.3\jackson-annotations-2.18.3.jar;C:\Users\erick\.m2\repository\com\fasterxml\jackson\core\jackson-core\2.18.3\jackson-core-2.18.3.jar;C:\Users\erick\.m2\repository\com\fasterxml\jackson\datatype\jackson-datatype-jsr310\2.18.3\jackson-datatype-jsr310-2.18.3.jar;C:\Users\erick\.m2\repository\io\micrometer\micrometer-observation\1.15.0-RC1\micrometer-observation-1.15.0-RC1.jar;C:\Users\erick\.m2\repository\io\micrometer\micrometer-commons\1.15.0-RC1\micrometer-commons-1.15.0-RC1.jar;C:\Users\erick\.m2\repository\io\micrometer\micrometer-jakarta9\1.15.0-RC1\micrometer-jakarta9-1.15.0-RC1.jar;C:\Users\erick\.m2\repository\io\micrometer\micrometer-core\1.15.0-RC1\micrometer-core-1.15.0-RC1.jar;C:\Users\erick\.m2\repository\org\hdrhistogram\HdrHistogram\2.2.2\HdrHistogram-2.2.2.jar;C:\Users\erick\.m2\repository\org\latencyutils\LatencyUtils\2.0.3\LatencyUtils-2.0.3.jar;C:\Users\erick\.m2\repository\org\springframework\boot\spring-boot-starter-data-r2dbc\3.5.0-SNAPSHOT\spring-boot-starter-data-r2dbc-3.5.0-SNAPSHOT.jar;C:\Users\erick\.m2\repository\org\springframework\data\spring-data-r2dbc\3.5.0-RC1\spring-data-r2dbc-3.5.0-RC1.jar;C:\Users\erick\.m2\repository\org\springframework\data\spring-data-relational\3.5.0-RC1\spring-data-relational-3.5.0-RC1.jar;C:\Users\erick\.m2\repository\org\springframework\data\spring-data-commons\3.5.0-RC1\spring-data-commons-3.5.0-RC1.jar;C:\Users\erick\.m2\repository\org\springframework\spring-tx\6.2.6\spring-tx-6.2.6.jar;C:\Users\erick\.m2\repository\org\springframework\spring-context\6.2.6\spring-context-6.2.6.jar;C:\Users\erick\.m2\repository\org\springframework\spring-aop\6.2.6\spring-aop-6.2.6.jar;C:\Users\erick\.m2\repository\org\springframework\spring-expression\6.2.6\spring-expression-6.2.6.jar;C:\Users\erick\.m2\repository\org\springframework\spring-beans\6.2.6\spring-beans-6.2.6.jar;C:\Users\erick\.m2\repository\org\springframework\spring-jdbc\6.2.6\spring-jdbc-6.2.6.jar;C:\Users\erick\.m2\repository\org\springframework\spring-r2dbc\6.2.6\spring-r2dbc-6.2.6.jar;C:\Users\erick\.m2\repository\org\slf4j\slf4j-api\2.0.17\slf4j-api-2.0.17.jar;C:\Users\erick\.m2\repository\io\r2dbc\r2dbc-spi\1.0.0.RELEASE\r2dbc-spi-1.0.0.RELEASE.jar;C:\Users\erick\.m2\repository\org\reactivestreams\reactive-streams\1.0.4\reactive-streams-1.0.4.jar;C:\Users\erick\.m2\repository\io\r2dbc\r2dbc-pool\1.0.2.RELEASE\r2dbc-pool-1.0.2.RELEASE.jar;C:\Users\erick\.m2\repository\io\projectreactor\addons\reactor-pool\1.1.2\reactor-pool-1.1.2.jar;C:\Users\erick\.m2\repository\org\springframework\boot\spring-boot-starter-webflux\3.5.0-SNAPSHOT\spring-boot-starter-webflux-3.5.0-SNAPSHOT.jar;C:\Users\erick\.m2\repository\org\springframework\boot\spring-boot-starter-json\3.5.0-SNAPSHOT\spring-boot-starter-json-3.5.0-SNAPSHOT.jar;C:\Users\erick\.m2\repository\com\fasterxml\jackson\datatype\jackson-datatype-jdk8\2.18.3\jackson-datatype-jdk8-2.18.3.jar;C:\Users\erick\.m2\repository\com\fasterxml\jackson\module\jackson-module-parameter-names\2.18.3\jackson-module-parameter-names-2.18.3.jar;C:\Users\erick\.m2\repository\org\springframework\boot\spring-boot-starter-reactor-netty\3.5.0-SNAPSHOT\spring-boot-starter-reactor-netty-3.5.0-SNAPSHOT.jar;C:\Users\erick\.m2\repository\io\projectreactor\netty\reactor-netty-http\1.2.5\reactor-netty-http-1.2.5.jar;C:\Users\erick\.m2\repository\io\netty\netty-codec-http\4.1.119.Final\netty-codec-http-4.1.119.Final.jar;C:\Users\erick\.m2\repository\io\netty\netty-codec-http2\4.1.119.Final\netty-codec-http2-4.1.119.Final.jar;C:\Users\erick\.m2\repository\org\springframework\spring-web\6.2.6\spring-web-6.2.6.jar;C:\Users\erick\.m2\repository\org\springframework\spring-webflux\6.2.6\spring-webflux-6.2.6.jar;C:\Users\erick\.m2\repository\org\postgresql\postgresql\42.7.5\postgresql-42.7.5.jar;C:\Users\erick\.m2\repository\org\checkerframework\checker-qual\3.48.3\checker-qual-3.48.3.jar;C:\Users\erick\.m2\repository\org\postgresql\r2dbc-postgresql\1.0.7.RELEASE\r2dbc-postgresql-1.0.7.RELEASE.jar;C:\Users\erick\.m2\repository\com\ongres\scram\client\2.1\client-2.1.jar;C:\Users\erick\.m2\repository\com\ongres\scram\common\2.1\common-2.1.jar;C:\Users\erick\.m2\repository\com\ongres\stringprep\saslprep\1.1\saslprep-1.1.jar;C:\Users\erick\.m2\repository\com\ongres\stringprep\stringprep\1.1\stringprep-1.1.jar;C:\Users\erick\.m2\repository\io\projectreactor\reactor-core\3.7.5\reactor-core-3.7.5.jar;C:\Users\erick\.m2\repository\io\projectreactor\netty\reactor-netty-core\1.2.5\reactor-netty-core-1.2.5.jar;C:\Users\erick\.m2\repository\io\netty\netty-handler\4.1.119.Final\netty-handler-4.1.119.Final.jar;C:\Users\erick\.m2\repository\io\netty\netty-common\4.1.119.Final\netty-common-4.1.119.Final.jar;C:\Users\erick\.m2\repository\io\netty\netty-resolver\4.1.119.Final\netty-resolver-4.1.119.Final.jar;C:\Users\erick\.m2\repository\io\netty\netty-buffer\4.1.119.Final\netty-buffer-4.1.119.Final.jar;C:\Users\erick\.m2\repository\io\netty\netty-transport\4.1.119.Final\netty-transport-4.1.119.Final.jar;C:\Users\erick\.m2\repository\io\netty\netty-transport-native-unix-common\4.1.119.Final\netty-transport-native-unix-common-4.1.119.Final.jar;C:\Users\erick\.m2\repository\io\netty\netty-codec\4.1.119.Final\netty-codec-4.1.119.Final.jar;C:\Users\erick\.m2\repository\io\netty\netty-handler-proxy\4.1.119.Final\netty-handler-proxy-4.1.119.Final.jar;C:\Users\erick\.m2\repository\io\netty\netty-codec-socks\4.1.119.Final\netty-codec-socks-4.1.119.Final.jar;C:\Users\erick\.m2\repository\io\netty\netty-resolver-dns\4.1.119.Final\netty-resolver-dns-4.1.119.Final.jar;C:\Users\erick\.m2\repository\io\netty\netty-codec-dns\4.1.119.Final\netty-codec-dns-4.1.119.Final.jar;C:\Users\erick\.m2\repository\io\netty\netty-resolver-dns-native-macos\4.1.119.Final\netty-resolver-dns-native-macos-4.1.119.Final-osx-x86_64.jar;C:\Users\erick\.m2\repository\io\netty\netty-resolver-dns-classes-macos\4.1.119.Final\netty-resolver-dns-classes-macos-4.1.119.Final.jar;C:\Users\erick\.m2\repository\io\netty\netty-transport-native-epoll\4.1.119.Final\netty-transport-native-epoll-4.1.119.Final-linux-x86_64.jar;C:\Users\erick\.m2\repository\io\netty\netty-transport-classes-epoll\4.1.119.Final\netty-transport-classes-epoll-4.1.119.Final.jar;C:\Users\erick\.m2\repository\org\projectlombok\lombok\1.18.24\lombok-1.18.24.jar;C:\Users\erick\.m2\repository\org\springframework\boot\spring-boot-starter-test\3.5.0-SNAPSHOT\spring-boot-starter-test-3.5.0-SNAPSHOT.jar;C:\Users\erick\.m2\repository\org\springframework\boot\spring-boot-test\3.5.0-SNAPSHOT\spring-boot-test-3.5.0-SNAPSHOT.jar;C:\Users\erick\.m2\repository\org\springframework\boot\spring-boot-test-autoconfigure\3.5.0-SNAPSHOT\spring-boot-test-autoconfigure-3.5.0-SNAPSHOT.jar;C:\Users\erick\.m2\repository\com\jayway\jsonpath\json-path\2.9.0\json-path-2.9.0.jar;C:\Users\erick\.m2\repository\jakarta\xml\bind\jakarta.xml.bind-api\4.0.2\jakarta.xml.bind-api-4.0.2.jar;C:\Users\erick\.m2\repository\jakarta\activation\jakarta.activation-api\2.1.3\jakarta.activation-api-2.1.3.jar;C:\Users\erick\.m2\repository\net\minidev\json-smart\2.5.2\json-smart-2.5.2.jar;C:\Users\erick\.m2\repository\net\minidev\accessors-smart\2.5.2\accessors-smart-2.5.2.jar;C:\Users\erick\.m2\repository\org\ow2\asm\asm\9.7.1\asm-9.7.1.jar;C:\Users\erick\.m2\repository\org\assertj\assertj-core\3.27.3\assertj-core-3.27.3.jar;C:\Users\erick\.m2\repository\net\bytebuddy\byte-buddy\1.17.5\byte-buddy-1.17.5.jar;C:\Users\erick\.m2\repository\org\awaitility\awaitility\4.3.0\awaitility-4.3.0.jar;C:\Users\erick\.m2\repository\org\hamcrest\hamcrest\3.0\hamcrest-3.0.jar;C:\Users\erick\.m2\repository\org\junit\jupiter\junit-jupiter\5.12.2\junit-jupiter-5.12.2.jar;C:\Users\erick\.m2\repository\org\junit\jupiter\junit-jupiter-api\5.12.2\junit-jupiter-api-5.12.2.jar;C:\Users\erick\.m2\repository\org\opentest4j\opentest4j\1.3.0\opentest4j-1.3.0.jar;C:\Users\erick\.m2\repository\org\junit\platform\junit-platform-commons\1.12.2\junit-platform-commons-1.12.2.jar;C:\Users\erick\.m2\repository\org\apiguardian\apiguardian-api\1.1.2\apiguardian-api-1.1.2.jar;C:\Users\erick\.m2\repository\org\junit\jupiter\junit-jupiter-params\5.12.2\junit-jupiter-params-5.12.2.jar;C:\Users\erick\.m2\repository\org\junit\jupiter\junit-jupiter-engine\5.12.2\junit-jupiter-engine-5.12.2.jar;C:\Users\erick\.m2\repository\org\junit\platform\junit-platform-engine\1.12.2\junit-platform-engine-1.12.2.jar;C:\Users\erick\.m2\repository\org\mockito\mockito-core\5.17.0\mockito-core-5.17.0.jar;C:\Users\erick\.m2\repository\net\bytebuddy\byte-buddy-agent\1.17.5\byte-buddy-agent-1.17.5.jar;C:\Users\erick\.m2\repository\org\objenesis\objenesis\3.3\objenesis-3.3.jar;C:\Users\erick\.m2\repository\org\mockito\mockito-junit-jupiter\5.17.0\mockito-junit-jupiter-5.17.0.jar;C:\Users\erick\.m2\repository\org\skyscreamer\jsonassert\1.5.3\jsonassert-1.5.3.jar;C:\Users\erick\.m2\repository\com\vaadin\external\google\android-json\0.0.20131108.vaadin1\android-json-0.0.20131108.vaadin1.jar;C:\Users\erick\.m2\repository\org\springframework\spring-core\6.2.6\spring-core-6.2.6.jar;C:\Users\erick\.m2\repository\org\springframework\spring-jcl\6.2.6\spring-jcl-6.2.6.jar;C:\Users\erick\.m2\repository\org\springframework\spring-test\6.2.6\spring-test-6.2.6.jar;C:\Users\erick\.m2\repository\org\xmlunit\xmlunit-core\2.10.0\xmlunit-core-2.10.0.jar;C:\Users\erick\.m2\repository\io\projectreactor\reactor-test\3.7.5\reactor-test-3.7.5.jar;C:\Users\erick\.m2\repository\com\h2database\h2\2.3.232\h2-2.3.232.jar;"/>
    <property name="sun.cpu.endian" value="little"/>
    <property name="user.home" value="C:\Users\erick"/>
    <property name="user.language" value="es"/>
    <property name="java.specification.vendor" value="Oracle Corporation"/>
    <property name="java.version.date" value="2024-07-16"/>
    <property name="java.home" value="C:\Program Files\Java\jdk-17"/>
    <property name="file.separator" value="\"/>
    <property name="basedir" value="D:\github\beneficiary"/>
    <property name="java.vm.compressedOopsMode" value="Zero based"/>
    <property name="line.separator" value="&#10;"/>
    <property name="java.vm.specification.vendor" value="Oracle Corporation"/>
    <property name="java.specification.name" value="Java Platform API Specification"/>
    <property name="FILE_LOG_CHARSET" value="windows-1252"/>
    <property name="java.awt.headless" value="true"/>
    <property name="surefire.real.class.path" value="C:\Users\erick\AppData\Local\Temp\surefire17119672079812660231\surefirebooter-20250427232606253_3.jar"/>
    <property name="user.script" value=""/>
    <property name="sun.management.compiler" value="HotSpot 64-Bit Tiered Compilers"/>
    <property name="java.runtime.version" value="17.0.12+8-LTS-286"/>
    <property name="user.name" value="erick"/>
    <property name="path.separator" value=";"/>
    <property name="os.version" value="10.0"/>
    <property name="java.runtime.name" value="Java(TM) SE Runtime Environment"/>
    <property name="file.encoding" value="Cp1252"/>
    <property name="java.vm.name" value="Java HotSpot(TM) 64-Bit Server VM"/>
    <property name="localRepository" value="C:\Users\erick\.m2\repository"/>
    <property name="java.vendor.url.bug" value="https://bugreport.java.com/bugreport/"/>
    <property name="java.io.tmpdir" value="C:\Users\erick\AppData\Local\Temp\"/>
    <property name="java.version" value="17.0.12"/>
    <property name="user.dir" value="D:\github\beneficiary"/>
    <property name="os.arch" value="amd64"/>
    <property name="java.vm.specification.name" value="Java Virtual Machine Specification"/>
    <property name="PID" value="6812"/>
    <property name="sun.os.patch.level" value=""/>
    <property name="CONSOLE_LOG_CHARSET" value="windows-1252"/>
    <property name="native.encoding" value="Cp1252"/>
    <property name="java.library.path" value="C:\Program Files\Java\jdk-17\bin;C:\Windows\Sun\Java\bin;C:\Windows\system32;C:\Windows;C:\Program Files\Common Files\Oracle\Java\javapath;C:\Windows\system32;C:\Windows;C:\Windows\System32\Wbem;C:\Windows\System32\WindowsPowerShell\v1.0\;C:\Windows\System32\OpenSSH\;C:\Program Files\nodejs\;C:\Program Files\Java\jdk-17\bin;C:\Program Files\Git\cmd;C:\Program Files\Java\apache-maven-3.9.9\bin;C:\Users\erick\AppData\Local\Microsoft\WindowsApps;C:\Users\erick\AppData\Local\Programs\Microsoft VS Code\bin;C:\Users\erick\AppData\Roaming\npm;."/>
    <property name="java.vm.info" value="mixed mode, sharing"/>
    <property name="java.vendor" value="Oracle Corporation"/>
    <property name="java.vm.version" value="17.0.12+8-LTS-286"/>
    <property name="sun.io.unicode.encoding" value="UnicodeLittle"/>
    <property name="java.class.version" value="61.0"/>
  </properties>
  <testcase name="contextLoads" classname="pe.edu.vallegrande.beneficiary.BeneficiaryApplicationTests" time="0.713">
    <system-out><![CDATA[23:26:06.938 [main] INFO org.springframework.test.context.support.AnnotationConfigContextLoaderUtils -- Could not detect default configuration classes for test class [pe.edu.vallegrande.beneficiary.BeneficiaryApplicationTests]: BeneficiaryApplicationTests does not declare any static, non-private, non-final, nested classes annotated with @Configuration.
23:26:07.038 [main] INFO org.springframework.boot.test.context.SpringBootTestContextBootstrapper -- Found @SpringBootConfiguration pe.edu.vallegrande.beneficiary.BeneficiaryApplication for test class pe.edu.vallegrande.beneficiary.BeneficiaryApplicationTests

  .   ____          _            __ _ _
 /\\ / ___'_ __ _ _(_)_ __  __ _ \ \ \ \
( ( )\___ | '_ | '_| | '_ \/ _` | \ \ \ \
 \\/  ___)| |_)| | | | | || (_| |  ) ) ) )
  '  |____| .__|_| |_|_| |_\__, | / / / /
 =========|_|==============|___/=/_/_/_/

 :: Spring Boot ::       (v3.5.0-SNAPSHOT)

2025-04-27T23:26:07.450-05:00  INFO 6812 --- [           main] p.e.v.b.BeneficiaryApplicationTests      : Starting BeneficiaryApplicationTests using Java 17.0.12 with PID 6812 (started by erick in D:\github\beneficiary)
2025-04-27T23:26:07.450-05:00  INFO 6812 --- [           main] p.e.v.b.BeneficiaryApplicationTests      : No active profile set, falling back to 1 default profile: "default"
2025-04-27T23:26:08.178-05:00  INFO 6812 --- [           main] .s.d.r.c.RepositoryConfigurationDelegate : Bootstrapping Spring Data R2DBC repositories in DEFAULT mode.
2025-04-27T23:26:08.288-05:00  INFO 6812 --- [           main] .s.d.r.c.RepositoryConfigurationDelegate : Finished Spring Data repository scanning in 104 ms. Found 3 R2DBC repository interfaces.
2025-04-27T23:26:09.308-05:00  INFO 6812 --- [           main] o.s.b.a.e.web.EndpointLinksResolver      : Exposing 1 endpoint beneath base path '/actuator'
2025-04-27T23:26:09.518-05:00  INFO 6812 --- [           main] p.e.v.b.BeneficiaryApplicationTests      : Started BeneficiaryApplicationTests in 2.33 seconds (process running for 3.167)
]]></system-out>
  </testcase>
</testsuite>